11:12:31.806 [main] INFO  testCases.TC_001_AccountRegistrationTest - ***  staring TC_001_AccountRegistrationTest  *** 
11:12:32.013 [main] INFO  testCases.TC_001_AccountRegistrationTest - clicked on myAccount
11:12:32.512 [main] INFO  testCases.TC_001_AccountRegistrationTest - clicked on registered link
11:12:32.518 [main] INFO  testCases.TC_001_AccountRegistrationTest - providing cudtomer data
11:12:34.513 [main] ERROR testCases.TC_001_AccountRegistrationTest - test failed
11:14:10.854 [main] INFO  testCases.TC_001_AccountRegistrationTest - ***  staring TC_001_AccountRegistrationTest  *** 
11:14:11.032 [main] INFO  testCases.TC_001_AccountRegistrationTest - clicked on myAccount
11:14:11.498 [main] INFO  testCases.TC_001_AccountRegistrationTest - clicked on registered link
11:14:11.503 [main] INFO  testCases.TC_001_AccountRegistrationTest - providing cudtomer data
11:14:13.247 [main] ERROR testCases.TC_001_AccountRegistrationTest - test failed
11:14:13.247 [main] INFO  testCases.TC_001_AccountRegistrationTest - ***  Finished TC_001_AccountRegistrationTest  *** 
11:16:28.731 [main] INFO  testCases.TC_001_AccountRegistrationTest - ***  staring TC_001_AccountRegistrationTest  *** 
11:16:28.867 [main] INFO  testCases.TC_001_AccountRegistrationTest - clicked on myAccount
11:16:30.106 [main] INFO  testCases.TC_001_AccountRegistrationTest - clicked on registered link
11:16:30.109 [main] INFO  testCases.TC_001_AccountRegistrationTest - providing cudtomer data
11:16:30.531 [main] INFO  testCases.TC_001_AccountRegistrationTest - clicked on password
11:16:31.640 [main] ERROR testCases.TC_001_AccountRegistrationTest - test failed
11:16:31.641 [main] INFO  testCases.TC_001_AccountRegistrationTest - ***  Finished TC_001_AccountRegistrationTest  *** 
11:26:54.206 [main] INFO  testCases.TC_001_AccountRegistrationTest - ***  staring TC_001_AccountRegistrationTest  *** 
11:26:54.578 [main] INFO  testCases.TC_001_AccountRegistrationTest - clicked on myAccount
11:26:55.285 [main] INFO  testCases.TC_001_AccountRegistrationTest - clicked on registered link
11:26:55.297 [main] INFO  testCases.TC_001_AccountRegistrationTest - providing cudtomer data
11:26:56.430 [main] INFO  testCases.TC_001_AccountRegistrationTest - clicked on password
11:26:57.638 [main] ERROR testCases.TC_001_AccountRegistrationTest - test failed
11:26:57.638 [main] INFO  testCases.TC_001_AccountRegistrationTest - ***  Finished TC_001_AccountRegistrationTest  *** 
11:28:45.553 [main] INFO  testCases.TC_001_AccountRegistrationTest - ***  staring TC_001_AccountRegistrationTest  *** 
11:28:45.884 [main] INFO  testCases.TC_001_AccountRegistrationTest - clicked on myAccount
11:28:46.676 [main] INFO  testCases.TC_001_AccountRegistrationTest - clicked on registered link
11:28:46.686 [main] INFO  testCases.TC_001_AccountRegistrationTest - providing cudtomer data
11:28:47.979 [main] INFO  testCases.TC_001_AccountRegistrationTest - clicked on password
11:28:49.186 [main] ERROR testCases.TC_001_AccountRegistrationTest - test failed
11:37:55.575 [main] INFO  testCases.TC_001_AccountRegistrationTest - ***  staring TC_001_AccountRegistrationTest  *** 
11:37:55.804 [main] INFO  testCases.TC_001_AccountRegistrationTest - clicked on myAccount
11:37:56.416 [main] INFO  testCases.TC_001_AccountRegistrationTest - clicked on registered link
11:37:56.423 [main] INFO  testCases.TC_001_AccountRegistrationTest - providing cudtomer data
11:37:57.698 [main] INFO  testCases.TC_001_AccountRegistrationTest - clicked on password
11:37:58.945 [main] ERROR testCases.TC_001_AccountRegistrationTest - test failed
11:40:46.736 [main] INFO  testCases.TC_001_AccountRegistrationTest - ***  staring TC_001_AccountRegistrationTest  *** 
11:40:47.048 [main] INFO  testCases.TC_001_AccountRegistrationTest - clicked on myAccount
11:40:47.632 [main] INFO  testCases.TC_001_AccountRegistrationTest - clicked on registered link
11:40:47.641 [main] INFO  testCases.TC_001_AccountRegistrationTest - providing cudtomer data
11:40:48.827 [main] INFO  testCases.TC_001_AccountRegistrationTest - clicked on password
11:40:50.046 [main] ERROR testCases.TC_001_AccountRegistrationTest - test failed
11:43:21.622 [main] INFO  testCases.TC_001_AccountRegistrationTest - ***  staring TC_001_AccountRegistrationTest  *** 
11:43:21.855 [main] INFO  testCases.TC_001_AccountRegistrationTest - clicked on myAccount
11:43:22.506 [main] INFO  testCases.TC_001_AccountRegistrationTest - clicked on registered link
11:43:22.513 [main] INFO  testCases.TC_001_AccountRegistrationTest - providing cudtomer data
11:43:23.885 [main] INFO  testCases.TC_001_AccountRegistrationTest - clicked on password
11:43:25.117 [main] ERROR testCases.TC_001_AccountRegistrationTest - test failed
11:53:36.865 [main] INFO  testCases.TC_001_AccountRegistrationTest - ***  staring TC_001_AccountRegistrationTest  *** 
11:53:37.023 [main] INFO  testCases.TC_001_AccountRegistrationTest - clicked on myAccount
11:53:37.547 [main] INFO  testCases.TC_001_AccountRegistrationTest - clicked on registered link
11:53:37.555 [main] INFO  testCases.TC_001_AccountRegistrationTest - providing cudtomer data
11:53:38.149 [main] INFO  testCases.TC_001_AccountRegistrationTest - clicked on password
11:53:39.315 [main] ERROR testCases.TC_001_AccountRegistrationTest - test failed
11:55:38.844 [main] INFO  testCases.TC_001_AccountRegistrationTest - ***  staring TC_001_AccountRegistrationTest  *** 
11:55:39.006 [main] INFO  testCases.TC_001_AccountRegistrationTest - clicked on myAccount
11:55:39.548 [main] INFO  testCases.TC_001_AccountRegistrationTest - clicked on registered link
11:55:39.557 [main] INFO  testCases.TC_001_AccountRegistrationTest - providing cudtomer data
11:55:40.169 [main] INFO  testCases.TC_001_AccountRegistrationTest - clicked on password
11:55:41.356 [main] ERROR testCases.TC_001_AccountRegistrationTest - test failed
15:13:31.870 [main] DEBUG io.netty.util.internal.logging.InternalLoggerFactory - Using Log4J2 as the default logging framework
15:13:31.921 [main] DEBUG io.netty.util.ResourceLeakDetector - -Dio.netty.leakDetection.level: simple
15:13:31.921 [main] DEBUG io.netty.util.ResourceLeakDetector - -Dio.netty.leakDetection.targetRecords: 4
15:13:31.928 [main] DEBUG io.netty.util.ResourceLeakDetectorFactory - Loaded default ResourceLeakDetector: io.netty.util.ResourceLeakDetector@6a078481
15:13:31.950 [main] DEBUG io.netty.util.internal.PlatformDependent0 - -Dio.netty.noUnsafe: false
15:13:31.951 [main] DEBUG io.netty.util.internal.PlatformDependent0 - Java version: 11
15:13:31.952 [main] DEBUG io.netty.util.internal.PlatformDependent0 - sun.misc.Unsafe.theUnsafe: available
15:13:31.953 [main] DEBUG io.netty.util.internal.PlatformDependent0 - sun.misc.Unsafe.copyMemory: available
15:13:31.954 [main] DEBUG io.netty.util.internal.PlatformDependent0 - sun.misc.Unsafe.storeFence: available
15:13:31.954 [main] DEBUG io.netty.util.internal.PlatformDependent0 - java.nio.Buffer.address: available
15:13:31.955 [main] DEBUG io.netty.util.internal.PlatformDependent0 - direct buffer constructor: unavailable: Reflective setAccessible(true) disabled
15:13:31.956 [main] DEBUG io.netty.util.internal.PlatformDependent0 - java.nio.Bits.unaligned: available, true
15:13:31.958 [main] DEBUG io.netty.util.internal.PlatformDependent0 - jdk.internal.misc.Unsafe.allocateUninitializedArray(int): unavailable: class io.netty.util.internal.PlatformDependent0$7 cannot access class jdk.internal.misc.Unsafe (in module java.base) because module java.base does not export jdk.internal.misc to unnamed module @1adb7478
15:13:31.960 [main] DEBUG io.netty.util.internal.PlatformDependent0 - java.nio.DirectByteBuffer.<init>(long, int): unavailable
15:13:31.961 [main] DEBUG io.netty.util.internal.PlatformDependent - sun.misc.Unsafe: available
15:13:31.963 [main] DEBUG io.netty.util.internal.PlatformDependent - maxDirectMemory: 2118123520 bytes (maybe)
15:13:31.964 [main] DEBUG io.netty.util.internal.PlatformDependent - -Dio.netty.tmpdir: C:\Users\SOMANA~1\AppData\Local\Temp (java.io.tmpdir)
15:13:31.964 [main] DEBUG io.netty.util.internal.PlatformDependent - -Dio.netty.bitMode: 64 (sun.arch.data.model)
15:13:31.967 [main] DEBUG io.netty.util.internal.PlatformDependent - Platform: Windows
15:13:31.968 [main] DEBUG io.netty.util.internal.PlatformDependent - -Dio.netty.maxDirectMemory: -1 bytes
15:13:31.968 [main] DEBUG io.netty.util.internal.PlatformDependent - -Dio.netty.uninitializedArrayAllocationThreshold: -1
15:13:31.972 [main] DEBUG io.netty.util.internal.CleanerJava9 - java.nio.ByteBuffer.cleaner(): available
15:13:31.972 [main] DEBUG io.netty.util.internal.PlatformDependent - -Dio.netty.noPreferDirect: false
15:13:31.986 [main] DEBUG io.netty.util.internal.PlatformDependent - org.jctools-core.MpscChunkedArrayQueue: available
15:13:32.019 [main] DEBUG io.netty.util.internal.InternalThreadLocalMap - -Dio.netty.threadLocalMap.stringBuilder.initialSize: 1024
15:13:32.019 [main] DEBUG io.netty.util.internal.InternalThreadLocalMap - -Dio.netty.threadLocalMap.stringBuilder.maxSize: 4096
15:13:32.226 [main] DEBUG io.netty.handler.ssl.JdkSslContext - Default protocols (JDK): [TLSv1.3, TLSv1.2] 
15:13:32.226 [main] DEBUG io.netty.handler.ssl.JdkSslContext - Default cipher suites (JDK): [TLS_ECDHE_ECDSA_WITH_AES_256_GCM_SHA384, TLS_ECDHE_ECDSA_WITH_AES_128_GCM_SHA256, TLS_ECDHE_RSA_WITH_AES_128_GCM_SHA256, TLS_ECDHE_RSA_WITH_AES_256_GCM_SHA384, TLS_ECDHE_RSA_WITH_AES_128_CBC_SHA, TLS_ECDHE_RSA_WITH_AES_256_CBC_SHA, TLS_RSA_WITH_AES_128_GCM_SHA256, TLS_RSA_WITH_AES_128_CBC_SHA, TLS_RSA_WITH_AES_256_CBC_SHA, TLS_AES_128_GCM_SHA256, TLS_AES_256_GCM_SHA384]
15:13:32.277 [main] DEBUG io.netty.channel.MultithreadEventLoopGroup - -Dio.netty.eventLoopThreads: 16
15:13:32.296 [main] DEBUG io.netty.channel.nio.NioEventLoop - -Dio.netty.noKeySetOptimization: false
15:13:32.297 [main] DEBUG io.netty.channel.nio.NioEventLoop - -Dio.netty.selectorAutoRebuildThreshold: 512
15:13:32.381 [main] DEBUG io.netty.buffer.PooledByteBufAllocator - -Dio.netty.allocator.numHeapArenas: 16
15:13:32.381 [main] DEBUG io.netty.buffer.PooledByteBufAllocator - -Dio.netty.allocator.numDirectArenas: 16
15:13:32.382 [main] DEBUG io.netty.buffer.PooledByteBufAllocator - -Dio.netty.allocator.pageSize: 8192
15:13:32.382 [main] DEBUG io.netty.buffer.PooledByteBufAllocator - -Dio.netty.allocator.maxOrder: 9
15:13:32.382 [main] DEBUG io.netty.buffer.PooledByteBufAllocator - -Dio.netty.allocator.chunkSize: 4194304
15:13:32.382 [main] DEBUG io.netty.buffer.PooledByteBufAllocator - -Dio.netty.allocator.smallCacheSize: 256
15:13:32.382 [main] DEBUG io.netty.buffer.PooledByteBufAllocator - -Dio.netty.allocator.normalCacheSize: 64
15:13:32.384 [main] DEBUG io.netty.buffer.PooledByteBufAllocator - -Dio.netty.allocator.maxCachedBufferCapacity: 32768
15:13:32.384 [main] DEBUG io.netty.buffer.PooledByteBufAllocator - -Dio.netty.allocator.cacheTrimInterval: 8192
15:13:32.384 [main] DEBUG io.netty.buffer.PooledByteBufAllocator - -Dio.netty.allocator.cacheTrimIntervalMillis: 0
15:13:32.384 [main] DEBUG io.netty.buffer.PooledByteBufAllocator - -Dio.netty.allocator.useCacheForAllThreads: false
15:13:32.384 [main] DEBUG io.netty.buffer.PooledByteBufAllocator - -Dio.netty.allocator.maxCachedByteBuffersPerChunk: 1023
15:13:32.399 [main] DEBUG io.netty.buffer.ByteBufUtil - -Dio.netty.allocator.type: pooled
15:13:32.399 [main] DEBUG io.netty.buffer.ByteBufUtil - -Dio.netty.threadLocalDirectBufferSize: 0
15:13:32.399 [main] DEBUG io.netty.buffer.ByteBufUtil - -Dio.netty.maxThreadLocalCharBufferSize: 16384
15:13:34.498 [Forwarding newSession on session null to remote] DEBUG io.netty.channel.DefaultChannelId - -Dio.netty.processId: 14904 (auto-detected)
15:13:34.501 [Forwarding newSession on session null to remote] DEBUG io.netty.util.NetUtil - -Djava.net.preferIPv4Stack: false
15:13:34.502 [Forwarding newSession on session null to remote] DEBUG io.netty.util.NetUtil - -Djava.net.preferIPv6Addresses: false
15:13:34.667 [Forwarding newSession on session null to remote] DEBUG io.netty.util.NetUtilInitializations - Loopback interface: lo (Software Loopback Interface 1, 127.0.0.1)
15:13:34.668 [Forwarding newSession on session null to remote] DEBUG io.netty.util.NetUtil - Failed to get SOMAXCONN from sysctl and file \proc\sys\net\core\somaxconn. Default: 200
15:13:34.836 [Forwarding newSession on session null to remote] DEBUG io.netty.channel.DefaultChannelId - -Dio.netty.machineId: dc:f5:05:ff:fe:8d:7a:55 (auto-detected)
15:13:34.913 [AsyncHttpClient-1-2] DEBUG io.netty.buffer.AbstractByteBuf - -Dio.netty.buffer.checkAccessible: true
15:13:34.914 [AsyncHttpClient-1-2] DEBUG io.netty.buffer.AbstractByteBuf - -Dio.netty.buffer.checkBounds: true
15:13:34.914 [AsyncHttpClient-1-2] DEBUG io.netty.util.ResourceLeakDetectorFactory - Loaded default ResourceLeakDetector: io.netty.util.ResourceLeakDetector@69dd2fb9
15:13:34.946 [AsyncHttpClient-1-2] DEBUG io.netty.util.Recycler - -Dio.netty.recycler.maxCapacityPerThread: 4096
15:13:34.946 [AsyncHttpClient-1-2] DEBUG io.netty.util.Recycler - -Dio.netty.recycler.ratio: 8
15:13:34.946 [AsyncHttpClient-1-2] DEBUG io.netty.util.Recycler - -Dio.netty.recycler.chunkSize: 32
15:13:34.946 [AsyncHttpClient-1-2] DEBUG io.netty.util.Recycler - -Dio.netty.recycler.blocking: false
15:13:35.811 [AsyncHttpClient-1-2] DEBUG io.netty.handler.codec.compression.Brotli - brotli4j not in the classpath; Brotli support will be unavailable.
15:13:36.020 [main] DEBUG io.netty.util.internal.ThreadLocalRandom - -Dio.netty.initialSeedUniquifier: 0x1b692669dfef561b
15:13:38.211 [main] DEBUG testCases.TC_001_AccountRegistrationTest - application logs....
15:13:38.212 [main] INFO  testCases.TC_001_AccountRegistrationTest - ***  staring TC_001_AccountRegistrationTest  *** 
15:13:38.403 [main] INFO  testCases.TC_001_AccountRegistrationTest - clicked on myAccount
15:13:39.964 [main] INFO  testCases.TC_001_AccountRegistrationTest - clicked on registered link
15:13:39.972 [main] INFO  testCases.TC_001_AccountRegistrationTest - providing cudtomer data
15:13:40.539 [main] INFO  testCases.TC_001_AccountRegistrationTest - clicked on password
15:13:41.634 [main] ERROR testCases.TC_001_AccountRegistrationTest - test failed
15:16:37.032 [main] INFO  testCases.TC_001_AccountRegistrationTest - ***  staring TC_001_AccountRegistrationTest  *** 
15:16:37.201 [main] INFO  testCases.TC_001_AccountRegistrationTest - clicked on myAccount
15:16:37.653 [main] INFO  testCases.TC_001_AccountRegistrationTest - clicked on registered link
15:16:37.661 [main] INFO  testCases.TC_001_AccountRegistrationTest - providing cudtomer data
15:19:57.853 [main] INFO  testCases.TC_001_AccountRegistrationTest - ***  staring TC_001_AccountRegistrationTest  *** 
15:19:58.049 [main] INFO  testCases.TC_001_AccountRegistrationTest - clicked on myAccount
15:19:58.572 [main] INFO  testCases.TC_001_AccountRegistrationTest - clicked on registered link
15:19:58.579 [main] INFO  testCases.TC_001_AccountRegistrationTest - providing cudtomer data
15:19:59.449 [main] INFO  testCases.TC_001_AccountRegistrationTest - clicked on password
15:20:00.616 [main] ERROR testCases.TC_001_AccountRegistrationTest - test failed
15:35:34.870 [main] INFO  testCases.TC_001_AccountRegistrationTest - ***  staring TC_001_AccountRegistrationTest  *** 
15:35:35.062 [main] INFO  testCases.TC_001_AccountRegistrationTest - clicked on myAccount
15:35:35.596 [main] INFO  testCases.TC_001_AccountRegistrationTest - clicked on registered link
15:35:35.604 [main] INFO  testCases.TC_001_AccountRegistrationTest - providing cudtomer data
15:35:36.476 [main] INFO  testCases.TC_001_AccountRegistrationTest - clicked on setprivacypolicy
15:35:36.584 [main] INFO  testCases.TC_001_AccountRegistrationTest - clicked on continue
15:35:46.619 [main] INFO  testCases.TC_001_AccountRegistrationTest - validating Excepted message
15:37:27.541 [main] INFO  testCases.TC_001_AccountRegistrationTest - ***  staring TC_001_AccountRegistrationTest  *** 
15:37:28.781 [main] ERROR testCases.TC_001_AccountRegistrationTest - test failed
15:38:18.469 [main] INFO  testCases.TC_001_AccountRegistrationTest - ***  staring TC_001_AccountRegistrationTest  *** 
15:38:18.677 [main] INFO  testCases.TC_001_AccountRegistrationTest - clicked on myAccount
15:38:19.466 [main] INFO  testCases.TC_001_AccountRegistrationTest - clicked on registered link
15:38:19.471 [main] INFO  testCases.TC_001_AccountRegistrationTest - providing cudtomer data
15:38:21.429 [main] ERROR testCases.TC_001_AccountRegistrationTest - test failed
15:38:21.429 [main] INFO  testCases.TC_001_AccountRegistrationTest - ***  Finished TC_001_AccountRegistrationTest  *** 
15:42:56.875 [main] INFO  testCases.TC_001_AccountRegistrationTest - ***  staring TC_001_AccountRegistrationTest  *** 
15:42:57.066 [main] INFO  testCases.TC_001_AccountRegistrationTest - clicked on myAccount
15:42:57.803 [main] INFO  testCases.TC_001_AccountRegistrationTest - clicked on registered link
15:42:57.809 [main] INFO  testCases.TC_001_AccountRegistrationTest - providing cudtomer data
15:42:59.723 [main] ERROR testCases.TC_001_AccountRegistrationTest - test failed
15:42:59.723 [main] INFO  testCases.TC_001_AccountRegistrationTest - ***  Finished TC_001_AccountRegistrationTest  *** 
15:48:03.072 [main] INFO  testCases.TC_001_AccountRegistrationTest - ***  staring TC_001_AccountRegistrationTest  *** 
15:48:03.242 [main] INFO  testCases.TC_001_AccountRegistrationTest - clicked on myAccount
15:48:03.940 [main] INFO  testCases.TC_001_AccountRegistrationTest - clicked on registered link
15:48:03.946 [main] INFO  testCases.TC_001_AccountRegistrationTest - providing cudtomer data
15:48:05.802 [main] ERROR testCases.TC_001_AccountRegistrationTest - test failed
15:48:05.802 [main] INFO  testCases.TC_001_AccountRegistrationTest - ***  Finished TC_001_AccountRegistrationTest  *** 
18:35:54.074 [main] INFO  testCases.TC_001_AccountRegistrationTest - ***  staring TC_001_AccountRegistrationTest  *** 
18:35:54.224 [main] INFO  testCases.TC_001_AccountRegistrationTest - clicked on myAccount
18:35:54.811 [main] INFO  testCases.TC_001_AccountRegistrationTest - clicked on registered link
18:35:54.818 [main] INFO  testCases.TC_001_AccountRegistrationTest - providing cudtomer data
18:35:56.621 [main] ERROR testCases.TC_001_AccountRegistrationTest - test failed
18:35:56.621 [main] INFO  testCases.TC_001_AccountRegistrationTest - ***  Finished TC_001_AccountRegistrationTest  *** 
18:59:43.055 [main] INFO  testCases.TC_001_AccountRegistrationTest - ***  staring TC_001_AccountRegistrationTest  *** 
18:59:43.207 [main] INFO  testCases.TC_001_AccountRegistrationTest - clicked on myAccount
18:59:43.888 [main] INFO  testCases.TC_001_AccountRegistrationTest - clicked on registered link
18:59:43.894 [main] INFO  testCases.TC_001_AccountRegistrationTest - providing cudtomer data
18:59:45.618 [main] ERROR testCases.TC_001_AccountRegistrationTest - test failed
18:59:45.618 [main] INFO  testCases.TC_001_AccountRegistrationTest - ***  Finished TC_001_AccountRegistrationTest  *** 
19:07:18.319 [TestNG-tests-2] INFO  testCases.TC_001_AccountRegistrationTest - ***  staring TC_001_AccountRegistrationTest  *** 
19:07:21.703 [TestNG-tests-2] INFO  testCases.TC_001_AccountRegistrationTest - clicked on myAccount
19:07:22.772 [TestNG-tests-1] INFO  testCases.TC_001_AccountRegistrationTest - ***  staring TC_001_AccountRegistrationTest  *** 
19:07:27.187 [TestNG-tests-2] INFO  testCases.TC_001_AccountRegistrationTest - clicked on registered link
19:07:27.228 [TestNG-tests-2] INFO  testCases.TC_001_AccountRegistrationTest - providing cudtomer data
19:07:28.447 [TestNG-tests-1] INFO  testCases.TC_001_AccountRegistrationTest - clicked on myAccount
19:07:30.573 [TestNG-tests-1] INFO  testCases.TC_001_AccountRegistrationTest - clicked on registered link
19:07:30.575 [TestNG-tests-1] INFO  testCases.TC_001_AccountRegistrationTest - providing cudtomer data
19:07:31.083 [TestNG-tests-2] ERROR testCases.TC_001_AccountRegistrationTest - test failed
19:07:31.083 [TestNG-tests-2] INFO  testCases.TC_001_AccountRegistrationTest - ***  Finished TC_001_AccountRegistrationTest  *** 
19:07:32.689 [TestNG-tests-1] ERROR testCases.TC_001_AccountRegistrationTest - test failed
19:07:32.689 [TestNG-tests-1] INFO  testCases.TC_001_AccountRegistrationTest - ***  Finished TC_001_AccountRegistrationTest  *** 
19:53:02.569 [main] INFO  testCases.TC_001_AccountRegistrationTest - ***  staring TC_001_AccountRegistrationTest  *** 
19:53:02.883 [main] INFO  testCases.TC_001_AccountRegistrationTest - clicked on myAccount
19:53:05.683 [main] INFO  testCases.TC_001_AccountRegistrationTest - clicked on registered link
19:53:05.691 [main] INFO  testCases.TC_001_AccountRegistrationTest - providing cudtomer data
19:53:07.985 [main] ERROR testCases.TC_001_AccountRegistrationTest - test failed
19:53:07.986 [main] INFO  testCases.TC_001_AccountRegistrationTest - ***  Finished TC_001_AccountRegistrationTest  *** 
11:37:22.700 [main] INFO  testCases.TC_001_AccountRegistrationTest - ***  staring TC_001_AccountRegistrationTest  *** 
11:37:22.900 [main] INFO  testCases.TC_001_AccountRegistrationTest - clicked on myAccount
11:37:23.856 [main] INFO  testCases.TC_001_AccountRegistrationTest - clicked on registered link
11:37:23.858 [main] INFO  testCases.TC_001_AccountRegistrationTest - providing cudtomer data
11:37:25.676 [main] ERROR testCases.TC_001_AccountRegistrationTest - test failed
11:37:25.676 [main] INFO  testCases.TC_001_AccountRegistrationTest - ***  Finished TC_001_AccountRegistrationTest  *** 
11:39:16.120 [main] INFO  testCases.TC_001_AccountRegistrationTest - ***  staring TC_001_AccountRegistrationTest  *** 
11:39:16.292 [main] INFO  testCases.TC_001_AccountRegistrationTest - clicked on myAccount
11:39:17.292 [main] INFO  testCases.TC_001_AccountRegistrationTest - clicked on registered link
11:39:17.297 [main] INFO  testCases.TC_001_AccountRegistrationTest - providing cudtomer data
11:39:19.144 [main] ERROR testCases.TC_001_AccountRegistrationTest - test failed
14:28:12.228 [main] INFO  testCases.TC_002_LoginTest - ***  Stsring TC_002_lLoginTest ***
14:28:12.423 [main] INFO  testCases.TC_002_LoginTest - clicked on myAccount
14:32:54.622 [main] INFO  testCases.TC_002_LoginTest - ***  Stsring TC_002_lLoginTest ***
14:32:54.812 [main] INFO  testCases.TC_002_LoginTest - clicked on myAccount
14:32:55.351 [main] INFO  testCases.TC_002_LoginTest - clicked on login
14:32:55.355 [main] INFO  testCases.TC_002_LoginTest - provide login details
14:33:55.372 [main] INFO  testCases.TC_002_LoginTest - ***  Stsring TC_002_lLoginTest ***
14:33:55.633 [main] INFO  testCases.TC_002_LoginTest - clicked on myAccount
14:33:56.144 [main] INFO  testCases.TC_002_LoginTest - clicked on login
14:33:56.147 [main] INFO  testCases.TC_002_LoginTest - provide login details
14:33:56.481 [main] INFO  testCases.TC_002_LoginTest - *** Finshed TC_002_lLoginTest *** 
16:43:15.781 [main] INFO  testCases.TC_003_LoginDDT - ***  Stsring TC_003_LoginDDT ***
16:43:26.797 [main] INFO  testCases.TC_003_LoginDDT - ***  Finished TC_003_LoginDDT ***
16:43:26.817 [main] INFO  testCases.TC_003_LoginDDT - ***  Stsring TC_003_LoginDDT ***
16:43:37.872 [main] INFO  testCases.TC_003_LoginDDT - ***  Finished TC_003_LoginDDT ***
16:43:37.876 [main] INFO  testCases.TC_003_LoginDDT - ***  Stsring TC_003_LoginDDT ***
16:43:39.628 [main] INFO  testCases.TC_003_LoginDDT - ***  Stsring TC_003_LoginDDT ***
16:43:40.850 [main] INFO  testCases.TC_003_LoginDDT - ***  Stsring TC_003_LoginDDT ***
16:43:51.868 [main] INFO  testCases.TC_003_LoginDDT - ***  Finished TC_003_LoginDDT ***
16:46:35.288 [main] INFO  testCases.TC_003_LoginDDT - ***  Stsring TC_003_LoginDDT ***
16:46:47.090 [main] INFO  testCases.TC_003_LoginDDT - ***  Finished TC_003_LoginDDT ***
16:46:47.106 [main] INFO  testCases.TC_003_LoginDDT - ***  Stsring TC_003_LoginDDT ***
16:46:58.201 [main] INFO  testCases.TC_003_LoginDDT - ***  Finished TC_003_LoginDDT ***
16:46:58.208 [main] INFO  testCases.TC_003_LoginDDT - ***  Stsring TC_003_LoginDDT ***
16:47:09.528 [main] INFO  testCases.TC_003_LoginDDT - ***  Finished TC_003_LoginDDT ***
16:47:09.532 [main] INFO  testCases.TC_003_LoginDDT - ***  Stsring TC_003_LoginDDT ***
16:47:20.520 [main] INFO  testCases.TC_003_LoginDDT - ***  Finished TC_003_LoginDDT ***
16:47:20.520 [main] INFO  testCases.TC_003_LoginDDT - ***  Stsring TC_003_LoginDDT ***
16:47:31.551 [main] INFO  testCases.TC_003_LoginDDT - ***  Finished TC_003_LoginDDT ***
17:09:57.157 [main] INFO  testCases.TC_001_AccountRegistrationTest - ***  staring TC_001_AccountRegistrationTest  *** 
17:09:57.280 [main] INFO  testCases.TC_001_AccountRegistrationTest - clicked on myAccount
17:09:58.520 [main] INFO  testCases.TC_001_AccountRegistrationTest - clicked on registered link
17:09:58.525 [main] INFO  testCases.TC_001_AccountRegistrationTest - providing cudtomer data
17:10:00.375 [main] ERROR testCases.TC_001_AccountRegistrationTest - test failed
17:10:00.375 [main] INFO  testCases.TC_001_AccountRegistrationTest - ***  Finished TC_001_AccountRegistrationTest  *** 
17:10:04.262 [main] INFO  testCases.TC_002_LoginTest - ***  Stsring TC_002_lLoginTest ***
17:10:04.378 [main] INFO  testCases.TC_002_LoginTest - clicked on myAccount
17:10:04.776 [main] INFO  testCases.TC_002_LoginTest - clicked on login
17:10:04.779 [main] INFO  testCases.TC_002_LoginTest - provide login details
21:54:24.117 [main] INFO  testCases.TC_003_LoginDDT - ***  Stsring TC_003_LoginDDT ***
21:54:38.033 [main] INFO  testCases.TC_003_LoginDDT - ***  Finished TC_003_LoginDDT ***
21:54:38.283 [main] INFO  testCases.TC_003_LoginDDT - ***  Stsring TC_003_LoginDDT ***
21:54:38.325 [main] INFO  testCases.TC_003_LoginDDT - ***  Stsring TC_003_LoginDDT ***
21:54:38.348 [main] INFO  testCases.TC_003_LoginDDT - ***  Stsring TC_003_LoginDDT ***
21:54:38.362 [main] INFO  testCases.TC_003_LoginDDT - ***  Stsring TC_003_LoginDDT ***
22:20:55.133 [main] INFO  testCases.TC_001_AccountRegistrationTest - ***  staring TC_001_AccountRegistrationTest  *** 
22:20:55.349 [main] INFO  testCases.TC_001_AccountRegistrationTest - clicked on myAccount
22:20:56.545 [main] INFO  testCases.TC_001_AccountRegistrationTest - clicked on registered link
22:20:56.550 [main] INFO  testCases.TC_001_AccountRegistrationTest - providing cudtomer data
22:20:58.558 [main] ERROR testCases.TC_001_AccountRegistrationTest - test failed
22:20:58.558 [main] INFO  testCases.TC_001_AccountRegistrationTest - ***  Finished TC_001_AccountRegistrationTest  *** 
22:21:04.074 [main] INFO  testCases.TC_002_LoginTest - ***  Stsring TC_002_lLoginTest ***
22:21:04.253 [main] INFO  testCases.TC_002_LoginTest - clicked on myAccount
22:21:04.851 [main] INFO  testCases.TC_002_LoginTest - clicked on login
22:21:04.854 [main] INFO  testCases.TC_002_LoginTest - provide login details
22:22:14.732 [main] INFO  testCases.TC_001_AccountRegistrationTest - ***  staring TC_001_AccountRegistrationTest  *** 
22:22:14.983 [main] INFO  testCases.TC_001_AccountRegistrationTest - clicked on myAccount
22:22:15.708 [main] INFO  testCases.TC_001_AccountRegistrationTest - clicked on registered link
22:22:15.715 [main] INFO  testCases.TC_001_AccountRegistrationTest - providing cudtomer data
22:22:17.460 [main] ERROR testCases.TC_001_AccountRegistrationTest - test failed
22:22:17.460 [main] INFO  testCases.TC_001_AccountRegistrationTest - ***  Finished TC_001_AccountRegistrationTest  *** 
22:22:22.254 [main] INFO  testCases.TC_002_LoginTest - ***  Stsring TC_002_lLoginTest ***
22:22:22.390 [main] INFO  testCases.TC_002_LoginTest - clicked on myAccount
22:22:22.997 [main] INFO  testCases.TC_002_LoginTest - clicked on login
22:22:23.003 [main] INFO  testCases.TC_002_LoginTest - provide login details
22:22:23.185 [main] INFO  testCases.TC_002_LoginTest - *** Finshed TC_002_lLoginTest *** 
